


Started GET "/" for 127.0.0.1 at 2015-03-06 09:36:04 -0500
  [1m[36mActiveRecord::SchemaMigration Load (0.1ms)[0m  [1mSELECT "schema_migrations".* FROM "schema_migrations"[0m
Processing by ProjectsController#index as HTML
  [1m[35m (0.1ms)[0m  SELECT COUNT(*) FROM "projects"
  [1m[36mProject Load (0.1ms)[0m  [1mSELECT "projects".* FROM "projects"[0m
  Rendered projects/index.html.erb within layouts/application (3.2ms)
Completed 200 OK in 132ms (Views: 121.0ms | ActiveRecord: 0.3ms)


Started GET "/assets/application-3f4b7f7ab17a88990001e42eda5ea561.css?body=1" for 127.0.0.1 at 2015-03-06 09:36:05 -0500


Started GET "/assets/jquery-87424c3c19e96d4fb033c10ebe21ec40.js?body=1" for 127.0.0.1 at 2015-03-06 09:36:05 -0500


Started GET "/assets/jquery_ujs-e27bd20a10d28155845a22d71ef94f2f.js?body=1" for 127.0.0.1 at 2015-03-06 09:36:05 -0500


Started GET "/assets/layout-f2034beb225ca33b2bd3486575889bf6.css?body=1" for 127.0.0.1 at 2015-03-06 09:36:05 -0500


Started GET "/assets/projects-46c9a194bd0668e67d57241f94473dc8.js?body=1" for 127.0.0.1 at 2015-03-06 09:36:05 -0500


Started GET "/assets/application-5b392b6279ca7226f7d344c2c0cdbaa1.js?body=1" for 127.0.0.1 at 2015-03-06 09:36:05 -0500


Started GET "/" for 127.0.0.1 at 2015-07-20 10:30:50 -0400
  [1m[36mActiveRecord::SchemaMigration Load (0.3ms)[0m  [1mSELECT "schema_migrations".* FROM "schema_migrations"[0m
Processing by ProjectsController#index as HTML
  [1m[35m (0.3ms)[0m  SELECT COUNT(*) FROM "projects"
  [1m[36mProject Load (0.1ms)[0m  [1mSELECT "projects".* FROM "projects"[0m
  Rendered projects/index.html.erb within layouts/application (4.0ms)
Completed 200 OK in 139ms (Views: 126.5ms | ActiveRecord: 0.6ms)


Started GET "/assets/application-d17dc8fbea8a17c6f2bbcfa60b3393a6.css?body=1" for 127.0.0.1 at 2015-07-20 10:30:50 -0400


Started GET "/assets/layout-f7c347c7feaae8aaa7292313fd5c9102.css?body=1" for 127.0.0.1 at 2015-07-20 10:30:50 -0400


Started GET "/assets/jquery-87424c3c19e96d4fb033c10ebe21ec40.js?body=1" for 127.0.0.1 at 2015-07-20 10:30:50 -0400


Started GET "/assets/jquery_ujs-e27bd20a10d28155845a22d71ef94f2f.js?body=1" for 127.0.0.1 at 2015-07-20 10:30:50 -0400


Started GET "/assets/application-5b392b6279ca7226f7d344c2c0cdbaa1.js?body=1" for 127.0.0.1 at 2015-07-20 10:30:50 -0400


Started GET "/assets/projects-46c9a194bd0668e67d57241f94473dc8.js?body=1" for 127.0.0.1 at 2015-07-20 10:30:50 -0400


Started GET "/projects/new" for 127.0.0.1 at 2015-07-20 10:30:53 -0400
Processing by ProjectsController#new as HTML
  Rendered projects/_form.html.erb (14.3ms)
  Rendered projects/new.html.erb within layouts/application (19.0ms)
Completed 200 OK in 50ms (Views: 46.8ms | ActiveRecord: 0.3ms)


Started POST "/projects" for 127.0.0.1 at 2015-07-20 10:30:55 -0400
Processing by ProjectsController#create as HTML
  Parameters: {"utf8"=>"✓", "authenticity_token"=>"d0z2J3mnsPAeyfc4R07VnBohJK8hzeGmfYajIRmVtdqLUvg5lalKSrHmh8OAPsVOcmyIJcGVpDhzZfQjeeD9mA==", "project"=>{"title"=>"test"}, "commit"=>"Create Project"}
  [1m[35m (0.1ms)[0m  begin transaction
  [1m[36mSQL (0.7ms)[0m  [1mINSERT INTO "projects" ("title", "created_at", "updated_at") VALUES (?, ?, ?)[0m  [["title", "test"], ["created_at", "2015-07-20 14:30:55.578470"], ["updated_at", "2015-07-20 14:30:55.578470"]]
  [1m[35m (0.7ms)[0m  commit transaction
Redirected to http://localhost:3000/projects/11
Completed 302 Found in 6ms (ActiveRecord: 1.4ms)


Started GET "/projects/11" for 127.0.0.1 at 2015-07-20 10:30:55 -0400
Processing by ProjectsController#show as HTML
  Parameters: {"id"=>"11"}
  [1m[36mProject Load (0.2ms)[0m  [1mSELECT  "projects".* FROM "projects" WHERE "projects"."id" = ? LIMIT 1[0m  [["id", 11]]
  [1m[35mItem Exists (0.3ms)[0m  SELECT  1 AS one FROM "items" WHERE "items"."project_id" = ? LIMIT 1  [["project_id", 11]]
  [1m[36mItem Load (0.1ms)[0m  [1mSELECT "items".* FROM "items" WHERE "items"."project_id" = ?[0m  [["project_id", 11]]
  Rendered items/_index.html.erb (23.1ms)
  Rendered projects/show.html.erb within layouts/application (25.7ms)
Completed 200 OK in 56ms (Views: 49.3ms | ActiveRecord: 0.8ms)


Started GET "/projects/11/items/new" for 127.0.0.1 at 2015-07-20 10:30:56 -0400
Processing by ItemsController#new as HTML
  Parameters: {"project_id"=>"11"}
  [1m[35mProject Load (0.1ms)[0m  SELECT  "projects".* FROM "projects" WHERE "projects"."id" = ? LIMIT 1  [["id", 11]]
  Rendered items/new.html.erb within layouts/application (2.7ms)
Completed 200 OK in 40ms (Views: 31.8ms | ActiveRecord: 0.2ms)


Started POST "/projects/11/items" for 127.0.0.1 at 2015-07-20 10:30:58 -0400
Processing by ItemsController#create as HTML
  Parameters: {"utf8"=>"✓", "authenticity_token"=>"9QeVxXoJHmfcHK10zDklzrsFcg4csO0GfXTlrs/Z5KkJGZvblgfk3XMz3Y8LSTUc00jehPzoqJhzl7Ksr6ys6w==", "item"=>{"action"=>"test"}, "commit"=>"Create Item", "project_id"=>"11"}
  [1m[36mProject Load (0.1ms)[0m  [1mSELECT  "projects".* FROM "projects" WHERE "projects"."id" = ? LIMIT 1[0m  [["id", 11]]
  [1m[35m (0.1ms)[0m  begin transaction
  [1m[36mItem Exists (0.1ms)[0m  [1mSELECT  1 AS one FROM "items" WHERE ("items"."action" = 'test' AND "items"."project_id" = 11) LIMIT 1[0m
  [1m[35mSQL (0.3ms)[0m  INSERT INTO "items" ("action", "project_id", "created_at", "updated_at") VALUES (?, ?, ?, ?)  [["action", "test"], ["project_id", 11], ["created_at", "2015-07-20 14:30:58.109546"], ["updated_at", "2015-07-20 14:30:58.109546"]]
  [1m[36m (0.5ms)[0m  [1mcommit transaction[0m
Redirected to http://localhost:3000/projects/11
Completed 302 Found in 6ms (ActiveRecord: 1.1ms)


Started GET "/projects/11" for 127.0.0.1 at 2015-07-20 10:30:58 -0400
Processing by ProjectsController#show as HTML
  Parameters: {"id"=>"11"}
  [1m[35mProject Load (0.1ms)[0m  SELECT  "projects".* FROM "projects" WHERE "projects"."id" = ? LIMIT 1  [["id", 11]]
  [1m[36mItem Exists (0.1ms)[0m  [1mSELECT  1 AS one FROM "items" WHERE "items"."project_id" = ? LIMIT 1[0m  [["project_id", 11]]
  [1m[35mItem Load (0.1ms)[0m  SELECT "items".* FROM "items" WHERE "items"."project_id" = ?  [["project_id", 11]]
  Rendered items/_index.html.erb (2.1ms)
  Rendered projects/show.html.erb within layouts/application (6.5ms)
Completed 200 OK in 34ms (Views: 32.5ms | ActiveRecord: 0.3ms)


Started PATCH "/projects/11/items/6?item%5Bdone%5D=true" for 127.0.0.1 at 2015-07-20 10:30:59 -0400
Processing by ItemsController#update as HTML
  Parameters: {"authenticity_token"=>"Saql7nr0+QRaInemvvqxXVEWklb6W0zCAD/Dt7eiid+1tKvwlvoDvvUNB115iqGPOVs+3BoDCVwO3JS119fBnQ==", "item"=>{"done"=>"true"}, "project_id"=>"11", "id"=>"6"}
  [1m[36mProject Load (0.1ms)[0m  [1mSELECT  "projects".* FROM "projects" WHERE "projects"."id" = ? LIMIT 1[0m  [["id", 11]]
  [1m[35mItem Load (0.1ms)[0m  SELECT  "items".* FROM "items" WHERE "items"."project_id" = ? AND "items"."id" = ? LIMIT 1  [["project_id", 11], ["id", 6]]
  [1m[36m (0.0ms)[0m  [1mbegin transaction[0m
  [1m[35mItem Exists (0.1ms)[0m  SELECT  1 AS one FROM "items" WHERE ("items"."action" = 'test' AND "items"."id" != 6 AND "items"."project_id" = 11) LIMIT 1
  [1m[36mSQL (0.3ms)[0m  [1mUPDATE "items" SET "done" = ?, "updated_at" = ? WHERE "items"."id" = ?[0m  [["done", "t"], ["updated_at", "2015-07-20 14:30:59.359975"], ["id", 6]]
  [1m[35m (0.6ms)[0m  commit transaction
Redirected to http://localhost:3000/projects/11
Completed 302 Found in 6ms (ActiveRecord: 1.3ms)


Started GET "/projects/11" for 127.0.0.1 at 2015-07-20 10:30:59 -0400
Processing by ProjectsController#show as HTML
  Parameters: {"id"=>"11"}
  [1m[36mProject Load (0.1ms)[0m  [1mSELECT  "projects".* FROM "projects" WHERE "projects"."id" = ? LIMIT 1[0m  [["id", 11]]
  [1m[35mItem Exists (0.1ms)[0m  SELECT  1 AS one FROM "items" WHERE "items"."project_id" = ? LIMIT 1  [["project_id", 11]]
  [1m[36mItem Load (0.1ms)[0m  [1mSELECT "items".* FROM "items" WHERE "items"."project_id" = ?[0m  [["project_id", 11]]
  Rendered items/_index.html.erb (1.4ms)
  Rendered projects/show.html.erb within layouts/application (3.2ms)
Completed 200 OK in 38ms (Views: 37.4ms | ActiveRecord: 0.2ms)


Started DELETE "/projects/11/clear" for 127.0.0.1 at 2015-07-20 10:31:00 -0400
Processing by ProjectsController#clear as HTML
  Parameters: {"authenticity_token"=>"XKhKfjgu7ZzQvU1wU0Sn6SVkTH2A3wl01c/LHVZ8Yw+gtkRg1CAXJn+SPYuUNLc7TSng92CHTOrbLJwfNgkrTQ==", "id"=>"11"}
  [1m[35mProject Load (0.1ms)[0m  SELECT  "projects".* FROM "projects" WHERE "projects"."id" = ? LIMIT 1  [["id", 11]]
  [1m[36mItem Load (0.2ms)[0m  [1mSELECT "items".* FROM "items" WHERE "items"."project_id" = ? AND "items"."done" = 't'[0m  [["project_id", 11]]
  [1m[35m (0.0ms)[0m  begin transaction
  [1m[36mSQL (0.3ms)[0m  [1mDELETE FROM "items" WHERE "items"."id" = ?[0m  [["id", 6]]
  [1m[35m (0.7ms)[0m  commit transaction
Redirected to http://localhost:3000/projects/11
Completed 302 Found in 4ms (ActiveRecord: 1.3ms)


Started GET "/projects/11" for 127.0.0.1 at 2015-07-20 10:31:00 -0400
Processing by ProjectsController#show as HTML
  Parameters: {"id"=>"11"}
  [1m[36mProject Load (0.1ms)[0m  [1mSELECT  "projects".* FROM "projects" WHERE "projects"."id" = ? LIMIT 1[0m  [["id", 11]]
  [1m[35mItem Exists (0.1ms)[0m  SELECT  1 AS one FROM "items" WHERE "items"."project_id" = ? LIMIT 1  [["project_id", 11]]
  [1m[36mItem Load (0.1ms)[0m  [1mSELECT "items".* FROM "items" WHERE "items"."project_id" = ?[0m  [["project_id", 11]]
  Rendered items/_index.html.erb (1.8ms)
  Rendered projects/show.html.erb within layouts/application (4.0ms)
Completed 200 OK in 35ms (Views: 34.0ms | ActiveRecord: 0.2ms)


Started GET "/projects" for 127.0.0.1 at 2015-07-20 10:31:02 -0400
Processing by ProjectsController#index as HTML
  [1m[35m (0.1ms)[0m  SELECT COUNT(*) FROM "projects"
  [1m[36mProject Load (0.1ms)[0m  [1mSELECT "projects".* FROM "projects"[0m
  Rendered projects/index.html.erb within layouts/application (1.5ms)
Completed 200 OK in 28ms (Views: 27.3ms | ActiveRecord: 0.3ms)


Started DELETE "/projects/11" for 127.0.0.1 at 2015-07-20 10:31:05 -0400
Processing by ProjectsController#destroy as HTML
  Parameters: {"authenticity_token"=>"5c1rs80wnDa28DFLPgD8X9GDovGw45fC+xTtLuN1l9sZ02WtIT5mjBnfQbD5cOyNuc4Oe1C70lz197osgwDfmQ==", "id"=>"11"}
  [1m[35mProject Load (0.1ms)[0m  SELECT  "projects".* FROM "projects" WHERE "projects"."id" = ? LIMIT 1  [["id", 11]]
  [1m[36m (0.0ms)[0m  [1mbegin transaction[0m
  [1m[35mItem Load (0.1ms)[0m  SELECT "items".* FROM "items" WHERE "items"."project_id" = ?  [["project_id", 11]]
  [1m[36mSQL (0.3ms)[0m  [1mDELETE FROM "projects" WHERE "projects"."id" = ?[0m  [["id", 11]]
  [1m[35m (1.2ms)[0m  commit transaction
Redirected to http://localhost:3000/projects
Completed 302 Found in 4ms (ActiveRecord: 1.7ms)


Started GET "/projects" for 127.0.0.1 at 2015-07-20 10:31:05 -0400
Processing by ProjectsController#index as HTML
  [1m[36m (0.1ms)[0m  [1mSELECT COUNT(*) FROM "projects"[0m
  [1m[35mProject Load (0.1ms)[0m  SELECT "projects".* FROM "projects"
  Rendered projects/index.html.erb within layouts/application (1.0ms)
Completed 200 OK in 28ms (Views: 27.7ms | ActiveRecord: 0.2ms)


Started GET "/" for 127.0.0.1 at 2015-07-21 10:51:02 -0400
  [1m[36mActiveRecord::SchemaMigration Load (0.3ms)[0m  [1mSELECT "schema_migrations".* FROM "schema_migrations"[0m
Processing by ProjectsController#index as HTML
  [1m[35m (0.3ms)[0m  SELECT COUNT(*) FROM "projects"
  [1m[36mProject Load (0.1ms)[0m  [1mSELECT "projects".* FROM "projects"[0m
  Rendered projects/index.html.erb within layouts/application (3.5ms)
Completed 200 OK in 141ms (Views: 125.1ms | ActiveRecord: 0.5ms)


Started GET "/assets/application-04c73017e8fe2a985393c43bdd325659.css?body=1" for 127.0.0.1 at 2015-07-21 10:51:02 -0400


Started GET "/assets/layout-83cb30d0e927e00d3fb79dbe272a6203.css?body=1" for 127.0.0.1 at 2015-07-21 10:51:02 -0400


Started GET "/projects/new" for 127.0.0.1 at 2015-07-21 10:51:03 -0400
Processing by ProjectsController#new as HTML
  Rendered projects/_form.html.erb (14.3ms)
  Rendered projects/new.html.erb within layouts/application (19.6ms)
Completed 200 OK in 54ms (Views: 49.9ms | ActiveRecord: 0.2ms)


Started POST "/projects" for 127.0.0.1 at 2015-07-21 10:51:05 -0400
Processing by ProjectsController#create as HTML
  Parameters: {"utf8"=>"✓", "authenticity_token"=>"UFChRXyqxNRwl1bbNHCg3hyKt7p4YXSpBtVglk2xBm+sTq9bkKQ+bt+4JiDzALAMdMcbMJg5MTcINjeULcROLQ==", "project"=>{"title"=>"test"}, "commit"=>"Create Project"}
  [1m[35m (0.1ms)[0m  begin transaction
  [1m[36mSQL (0.6ms)[0m  [1mINSERT INTO "projects" ("title", "created_at", "updated_at") VALUES (?, ?, ?)[0m  [["title", "test"], ["created_at", "2015-07-21 14:51:05.733743"], ["updated_at", "2015-07-21 14:51:05.733743"]]
  [1m[35m (0.6ms)[0m  commit transaction
Redirected to http://localhost:3000/projects/12
Completed 302 Found in 6ms (ActiveRecord: 1.3ms)


Started GET "/projects/12" for 127.0.0.1 at 2015-07-21 10:51:05 -0400
Processing by ProjectsController#show as HTML
  Parameters: {"id"=>"12"}
  [1m[36mProject Load (0.2ms)[0m  [1mSELECT  "projects".* FROM "projects" WHERE "projects"."id" = ? LIMIT 1[0m  [["id", 12]]
  [1m[35mItem Exists (0.4ms)[0m  SELECT  1 AS one FROM "items" WHERE "items"."project_id" = ? LIMIT 1  [["project_id", 12]]
  [1m[36mItem Load (0.1ms)[0m  [1mSELECT "items".* FROM "items" WHERE "items"."project_id" = ?[0m  [["project_id", 12]]
  Rendered items/_index.html.erb (22.6ms)
  Rendered projects/show.html.erb within layouts/application (25.2ms)
Completed 200 OK in 56ms (Views: 48.0ms | ActiveRecord: 0.8ms)


Started GET "/projects/12/items/new" for 127.0.0.1 at 2015-07-21 10:51:07 -0400
Processing by ItemsController#new as HTML
  Parameters: {"project_id"=>"12"}
  [1m[35mProject Load (0.1ms)[0m  SELECT  "projects".* FROM "projects" WHERE "projects"."id" = ? LIMIT 1  [["id", 12]]
  Rendered items/new.html.erb within layouts/application (3.8ms)
Completed 200 OK in 44ms (Views: 35.2ms | ActiveRecord: 0.2ms)


Started POST "/projects/12/items" for 127.0.0.1 at 2015-07-21 10:51:09 -0400
Processing by ItemsController#create as HTML
  Parameters: {"utf8"=>"✓", "authenticity_token"=>"9CT0O01Z9qQdxMswWg0No1a1KzsTkb3yeskWE+kyCWAIOvoloVcMHrLru8udfR1xPviHsfPJ+Gx0KkERiUdBIg==", "item"=>{"action"=>"test"}, "commit"=>"Create Item", "project_id"=>"12"}
  [1m[36mProject Load (0.1ms)[0m  [1mSELECT  "projects".* FROM "projects" WHERE "projects"."id" = ? LIMIT 1[0m  [["id", 12]]
  [1m[35m (0.1ms)[0m  begin transaction
  [1m[36mItem Exists (0.1ms)[0m  [1mSELECT  1 AS one FROM "items" WHERE ("items"."action" = 'test' AND "items"."project_id" = 12) LIMIT 1[0m
  [1m[35mSQL (0.3ms)[0m  INSERT INTO "items" ("action", "project_id", "created_at", "updated_at") VALUES (?, ?, ?, ?)  [["action", "test"], ["project_id", 12], ["created_at", "2015-07-21 14:51:09.875178"], ["updated_at", "2015-07-21 14:51:09.875178"]]
  [1m[36m (0.8ms)[0m  [1mcommit transaction[0m
Redirected to http://localhost:3000/projects/12
Completed 302 Found in 5ms (ActiveRecord: 1.4ms)


Started GET "/projects/12" for 127.0.0.1 at 2015-07-21 10:51:09 -0400
Processing by ProjectsController#show as HTML
  Parameters: {"id"=>"12"}
  [1m[35mProject Load (0.1ms)[0m  SELECT  "projects".* FROM "projects" WHERE "projects"."id" = ? LIMIT 1  [["id", 12]]
  [1m[36mItem Exists (0.2ms)[0m  [1mSELECT  1 AS one FROM "items" WHERE "items"."project_id" = ? LIMIT 1[0m  [["project_id", 12]]
  [1m[35mItem Load (0.1ms)[0m  SELECT "items".* FROM "items" WHERE "items"."project_id" = ?  [["project_id", 12]]
  Rendered items/_index.html.erb (2.8ms)
  Rendered projects/show.html.erb within layouts/application (4.7ms)
Completed 200 OK in 32ms (Views: 30.6ms | ActiveRecord: 0.3ms)


Started PATCH "/projects/12/items/7?item%5Bdone%5D=true" for 127.0.0.1 at 2015-07-21 10:51:11 -0400
Processing by ItemsController#update as HTML
  Parameters: {"authenticity_token"=>"hnU1ce79lOqmN5wow0HmdSoGiy6ICkh2RQIwoPCgKC16aztvAvNuUAkY7NMEMfanQksnpGhSDehL4WeikNVgbw==", "item"=>{"done"=>"true"}, "project_id"=>"12", "id"=>"7"}
  [1m[36mProject Load (0.1ms)[0m  [1mSELECT  "projects".* FROM "projects" WHERE "projects"."id" = ? LIMIT 1[0m  [["id", 12]]
  [1m[35mItem Load (0.1ms)[0m  SELECT  "items".* FROM "items" WHERE "items"."project_id" = ? AND "items"."id" = ? LIMIT 1  [["project_id", 12], ["id", 7]]
  [1m[36m (0.0ms)[0m  [1mbegin transaction[0m
  [1m[35mItem Exists (0.1ms)[0m  SELECT  1 AS one FROM "items" WHERE ("items"."action" = 'test' AND "items"."id" != 7 AND "items"."project_id" = 12) LIMIT 1
  [1m[36mSQL (0.3ms)[0m  [1mUPDATE "items" SET "done" = ?, "updated_at" = ? WHERE "items"."id" = ?[0m  [["done", "t"], ["updated_at", "2015-07-21 14:51:11.520047"], ["id", 7]]
  [1m[35m (0.8ms)[0m  commit transaction
Redirected to http://localhost:3000/projects/12
Completed 302 Found in 6ms (ActiveRecord: 1.4ms)


Started GET "/projects/12" for 127.0.0.1 at 2015-07-21 10:51:11 -0400
Processing by ProjectsController#show as HTML
  Parameters: {"id"=>"12"}
  [1m[36mProject Load (0.1ms)[0m  [1mSELECT  "projects".* FROM "projects" WHERE "projects"."id" = ? LIMIT 1[0m  [["id", 12]]
  [1m[35mItem Exists (0.1ms)[0m  SELECT  1 AS one FROM "items" WHERE "items"."project_id" = ? LIMIT 1  [["project_id", 12]]
  [1m[36mItem Load (0.1ms)[0m  [1mSELECT "items".* FROM "items" WHERE "items"."project_id" = ?[0m  [["project_id", 12]]
  Rendered items/_index.html.erb (1.6ms)
  Rendered projects/show.html.erb within layouts/application (3.9ms)
Completed 200 OK in 34ms (Views: 33.5ms | ActiveRecord: 0.2ms)


Started DELETE "/projects/12/clear" for 127.0.0.1 at 2015-07-21 10:51:12 -0400
Processing by ProjectsController#clear as HTML
  Parameters: {"authenticity_token"=>"r5V8tJMyV1ZkL6VsRLtI4Noby24WDEBkpnzQwRh4qMNTi3Kqfzyt7MsA1ZeDy1gyslZn5PZUBfqon4fDeA3ggQ==", "id"=>"12"}
  [1m[35mProject Load (0.2ms)[0m  SELECT  "projects".* FROM "projects" WHERE "projects"."id" = ? LIMIT 1  [["id", 12]]
  [1m[36mItem Load (0.1ms)[0m  [1mSELECT "items".* FROM "items" WHERE "items"."project_id" = ? AND "items"."done" = 't'[0m  [["project_id", 12]]
  [1m[35m (0.0ms)[0m  begin transaction
  [1m[36mSQL (0.3ms)[0m  [1mDELETE FROM "items" WHERE "items"."id" = ?[0m  [["id", 7]]
  [1m[35m (0.6ms)[0m  commit transaction
Redirected to http://localhost:3000/projects/12
Completed 302 Found in 5ms (ActiveRecord: 1.3ms)


Started GET "/projects/12" for 127.0.0.1 at 2015-07-21 10:51:12 -0400
Processing by ProjectsController#show as HTML
  Parameters: {"id"=>"12"}
  [1m[36mProject Load (0.1ms)[0m  [1mSELECT  "projects".* FROM "projects" WHERE "projects"."id" = ? LIMIT 1[0m  [["id", 12]]
  [1m[35mItem Exists (0.1ms)[0m  SELECT  1 AS one FROM "items" WHERE "items"."project_id" = ? LIMIT 1  [["project_id", 12]]
  [1m[36mItem Load (0.1ms)[0m  [1mSELECT "items".* FROM "items" WHERE "items"."project_id" = ?[0m  [["project_id", 12]]
  Rendered items/_index.html.erb (1.4ms)
  Rendered projects/show.html.erb within layouts/application (3.2ms)
Completed 200 OK in 32ms (Views: 31.3ms | ActiveRecord: 0.2ms)


Started GET "/projects" for 127.0.0.1 at 2015-07-21 10:51:13 -0400
Processing by ProjectsController#index as HTML
  [1m[35m (0.1ms)[0m  SELECT COUNT(*) FROM "projects"
  [1m[36mProject Load (0.1ms)[0m  [1mSELECT "projects".* FROM "projects"[0m
  Rendered projects/index.html.erb within layouts/application (1.4ms)
Completed 200 OK in 30ms (Views: 29.5ms | ActiveRecord: 0.2ms)


Started DELETE "/projects/12" for 127.0.0.1 at 2015-07-21 10:51:16 -0400
Processing by ProjectsController#destroy as HTML
  Parameters: {"authenticity_token"=>"rW4OHm1025thhYw2DQpP2r8TZkoVNrqzkbZKjzzmrmxRcAAAgXohIc6q/M3Kel8I117KwPVu/y2fVR2NXJPmLg==", "id"=>"12"}
  [1m[35mProject Load (0.1ms)[0m  SELECT  "projects".* FROM "projects" WHERE "projects"."id" = ? LIMIT 1  [["id", 12]]
  [1m[36m (0.0ms)[0m  [1mbegin transaction[0m
  [1m[35mItem Load (0.1ms)[0m  SELECT "items".* FROM "items" WHERE "items"."project_id" = ?  [["project_id", 12]]
  [1m[36mSQL (0.3ms)[0m  [1mDELETE FROM "projects" WHERE "projects"."id" = ?[0m  [["id", 12]]
  [1m[35m (0.6ms)[0m  commit transaction
Redirected to http://localhost:3000/projects
Completed 302 Found in 4ms (ActiveRecord: 1.1ms)


Started GET "/projects" for 127.0.0.1 at 2015-07-21 10:51:16 -0400
Processing by ProjectsController#index as HTML
  [1m[36m (0.1ms)[0m  [1mSELECT COUNT(*) FROM "projects"[0m
  [1m[35mProject Load (0.1ms)[0m  SELECT "projects".* FROM "projects"
  Rendered projects/index.html.erb within layouts/application (1.1ms)
Completed 200 OK in 27ms (Views: 26.1ms | ActiveRecord: 0.2ms)


Started GET "/projects" for 127.0.0.1 at 2015-07-21 10:51:17 -0400
Processing by ProjectsController#index as HTML
  [1m[36m (0.1ms)[0m  [1mSELECT COUNT(*) FROM "projects"[0m
  [1m[35mProject Load (0.1ms)[0m  SELECT "projects".* FROM "projects"
  Rendered projects/index.html.erb within layouts/application (1.1ms)
Completed 200 OK in 31ms (Views: 30.0ms | ActiveRecord: 0.2ms)


Started GET "/assets/layout-83cb30d0e927e00d3fb79dbe272a6203.css?body=1" for 127.0.0.1 at 2015-07-21 10:51:17 -0400


Started GET "/assets/application-04c73017e8fe2a985393c43bdd325659.css?body=1" for 127.0.0.1 at 2015-07-21 10:51:17 -0400


Started GET "/assets/application-5b392b6279ca7226f7d344c2c0cdbaa1.js?body=1" for 127.0.0.1 at 2015-07-21 10:51:17 -0400


Started GET "/assets/jquery-87424c3c19e96d4fb033c10ebe21ec40.js?body=1" for 127.0.0.1 at 2015-07-21 10:51:17 -0400


Started GET "/assets/jquery_ujs-e27bd20a10d28155845a22d71ef94f2f.js?body=1" for 127.0.0.1 at 2015-07-21 10:51:17 -0400


Started GET "/assets/projects-46c9a194bd0668e67d57241f94473dc8.js?body=1" for 127.0.0.1 at 2015-07-21 10:51:17 -0400
